2016-09-13 00:09:46 INFO Controller.Controller: - Controller>startServer
2016-09-14 13:53:35 INFO Controller.StartProgram: - Start program.
2016-09-14 13:53:35 INFO Controller.StartProgram: - View created.
2016-09-14 13:53:35 INFO Controller.StartProgram: - Model created.
2016-09-14 13:53:35 INFO Controller.Controller: - Controller created.
2016-09-14 13:53:35 INFO Controller.Controller: - Try to start server.
2016-09-14 13:54:55 INFO Controller.StartProgram: - Start program.
2016-09-14 13:54:55 INFO Controller.StartProgram: - View created.
2016-09-14 13:54:55 INFO Controller.StartProgram: - Model created.
2016-09-14 13:54:55 INFO Controller.Controller: - Controller created.
2016-09-14 13:54:55 INFO Controller.Controller: - Try to start server.
2016-09-14 13:55:30 INFO Controller.StartProgram: - Start program.
2016-09-14 13:55:30 INFO Controller.StartProgram: - View created.
2016-09-14 13:55:30 INFO Controller.StartProgram: - Model created.
2016-09-14 13:55:30 INFO Controller.Controller: - Controller created.
2016-09-14 13:55:30 INFO Controller.Controller: - Try to start server.
2016-09-14 13:58:04 INFO Controller.StartProgram: - Start program.
2016-09-14 13:58:04 INFO Controller.StartProgram: - View created.
2016-09-14 13:58:04 INFO Controller.StartProgram: - Model created.
2016-09-14 13:58:04 INFO Controller.Controller: - Controller created.
2016-09-14 13:58:04 INFO Controller.Controller: - Try to start server.
2016-09-14 13:59:50 INFO Controller.StartProgram: - Start program.
2016-09-14 13:59:50 INFO Controller.StartProgram: - View created.
2016-09-14 13:59:50 INFO Controller.StartProgram: - Model created.
2016-09-14 13:59:50 INFO Controller.Controller: - Controller created.
2016-09-14 13:59:50 INFO Controller.Controller: - Try to start server.
2016-09-14 14:06:04 INFO Controller.StartProgram: - Start program.
2016-09-14 14:06:04 INFO Controller.StartProgram: - View created.
2016-09-14 14:06:04 INFO Controller.StartProgram: - Model created.
2016-09-14 14:06:04 INFO Controller.Controller: - Controller created.
2016-09-14 14:06:04 INFO Controller.Controller: - Try to start server.
2016-09-14 14:06:09 INFO Model.Model: - New user connected!
2016-09-14 14:09:16 INFO Controller.StartProgram: - Start program.
2016-09-14 14:09:16 INFO Controller.StartProgram: - View created.
2016-09-14 14:09:16 INFO Controller.StartProgram: - Model created.
2016-09-14 14:09:16 INFO Controller.Controller: - Controller created.
2016-09-14 14:09:16 INFO Controller.Controller: - Try to start server.
2016-09-14 14:14:01 INFO Controller.StartProgram: - Start program.
2016-09-14 14:14:01 INFO Controller.StartProgram: - View created.
2016-09-14 14:14:01 INFO Controller.StartProgram: - Model created.
2016-09-14 14:14:01 INFO Controller.Controller: - Controller created.
2016-09-14 14:14:01 INFO Controller.Controller: - Try to start server.
2016-09-14 14:15:18 INFO Controller.StartProgram: - Start program.
2016-09-14 14:15:18 INFO Controller.StartProgram: - View created.
2016-09-14 14:15:18 INFO Controller.StartProgram: - Model created.
2016-09-14 14:15:18 INFO Controller.Controller: - Controller created.
2016-09-14 14:15:18 INFO Controller.Controller: - Try to start server.
2016-09-14 14:15:28 INFO Model.Model: - New user connected!
2016-09-14 14:58:36 INFO Controller.StartProgram: - Start program.
2016-09-14 14:58:36 INFO Controller.StartProgram: - View created.
2016-09-14 14:58:36 INFO Controller.StartProgram: - Model created.
2016-09-14 14:58:36 INFO Controller.Controller: - Controller created.
2016-09-14 14:58:36 INFO Controller.Controller: - Try to start server.
2016-09-14 14:58:36 INFO Controller.StartProgram: - Controller created.
2016-09-14 14:59:47 INFO Controller.StartProgram: - Start program.
2016-09-14 14:59:47 INFO Controller.StartProgram: - View created.
2016-09-14 14:59:47 INFO Controller.StartProgram: - Model created.
2016-09-14 14:59:47 INFO Controller.Controller: - Controller created.
2016-09-14 14:59:47 INFO Controller.Controller: - Try to start server.
2016-09-14 15:00:21 INFO Model.Model: - New user connected!
2016-09-14 15:01:23 INFO Controller.StartProgram: - Start program.
2016-09-14 15:01:23 INFO Controller.StartProgram: - View created.
2016-09-14 15:01:23 INFO Controller.StartProgram: - Model created.
2016-09-14 15:01:23 INFO Controller.Controller: - Controller created.
2016-09-14 15:01:23 INFO Controller.Controller: - Try to start server.
2016-09-14 15:02:04 INFO Model.Model: - New user connected!
2016-09-14 15:09:36 INFO Controller.StartProgram: - Start program.
2016-09-14 15:09:36 INFO Controller.StartProgram: - View created.
2016-09-14 15:09:36 INFO Controller.StartProgram: - Model created.
2016-09-14 15:09:36 INFO Controller.Controller: - Controller created.
2016-09-14 15:09:36 INFO Controller.Controller: - Try to start server.
2016-09-14 15:09:36 INFO Controller.StartProgram: - Controller created.
2016-09-14 15:10:04 INFO Controller.StartProgram: - Start program.
2016-09-14 15:10:04 INFO Controller.StartProgram: - View created.
2016-09-14 15:10:04 INFO Controller.StartProgram: - Model created.
2016-09-14 15:10:04 INFO Controller.Controller: - Controller created.
2016-09-14 15:10:04 INFO Controller.Controller: - Try to start server.
2016-09-14 15:10:43 INFO Controller.StartProgram: - Start program.
2016-09-14 15:10:43 INFO Controller.StartProgram: - View created.
2016-09-14 15:10:43 INFO Controller.StartProgram: - Model created.
2016-09-14 15:10:43 INFO Controller.Controller: - Controller created.
2016-09-14 15:10:43 INFO Controller.Controller: - Try to start server.
2016-09-14 15:11:24 INFO Model.Model: - New user connected!
2016-09-14 15:11:29 INFO Controller.StartProgram: - Start program.
2016-09-14 15:11:29 INFO Controller.StartProgram: - View created.
2016-09-14 15:11:29 INFO Controller.StartProgram: - Model created.
2016-09-14 15:11:29 INFO Controller.Controller: - Controller created.
2016-09-14 15:11:29 INFO Controller.Controller: - Try to start server.
2016-09-14 15:13:55 INFO Controller.StartProgram: - Start program.
2016-09-14 15:13:55 INFO Controller.StartProgram: - View created.
2016-09-14 15:13:55 INFO Controller.StartProgram: - Model created.
2016-09-14 15:13:55 INFO Controller.Controller: - Controller created.
2016-09-14 15:13:55 INFO Controller.Controller: - Try to start server.
2016-09-14 15:14:19 INFO Model.Model: - New user connected!
2016-09-14 15:36:22 INFO Controller.StartProgram: - Start program.
2016-09-14 15:36:22 INFO Controller.StartProgram: - View created.
2016-09-14 15:36:22 INFO Controller.StartProgram: - Model created.
2016-09-14 15:36:22 INFO Controller.Controller: - Controller created.
2016-09-14 15:36:22 INFO Controller.Controller: - Try to start server.
2016-09-14 15:37:44 INFO Model.Model: - New user connected!
2016-09-14 15:45:09 INFO Controller.StartProgram: - Start program.
2016-09-14 15:45:09 INFO Controller.StartProgram: - View created.
2016-09-14 15:45:09 INFO Controller.StartProgram: - Model created.
2016-09-14 15:45:09 INFO Controller.Controller: - Controller created.
2016-09-14 15:45:09 INFO Controller.Controller: - Try to start server.
2016-09-14 15:45:27 INFO Model.Model: - New user connected!
2016-09-14 15:49:06 INFO Controller.StartProgram: - Start program.
2016-09-14 15:49:06 INFO Controller.StartProgram: - View created.
2016-09-14 15:49:06 INFO Controller.StartProgram: - Model created.
2016-09-14 15:49:06 INFO Controller.Controller: - Controller created.
2016-09-14 15:49:06 INFO Controller.Controller: - Try to start server.
2016-09-14 15:49:06 INFO Controller.StartProgram: - Controller created.
2016-09-14 15:49:15 INFO Controller.StartProgram: - Start program.
2016-09-14 15:49:15 INFO Controller.StartProgram: - View created.
2016-09-14 15:49:15 INFO Controller.StartProgram: - Model created.
2016-09-14 15:49:15 INFO Controller.Controller: - Controller created.
2016-09-14 15:49:15 INFO Controller.Controller: - Try to start server.
2016-09-14 15:54:17 INFO Controller.StartProgram: - Start program.
2016-09-14 15:54:17 INFO Controller.StartProgram: - View created.
2016-09-14 15:54:17 INFO Controller.StartProgram: - Model created.
2016-09-14 15:54:17 INFO Controller.Controller: - Controller created.
2016-09-14 15:54:17 INFO Controller.Controller: - Try to start server.
2016-09-14 15:54:17 INFO Controller.StartProgram: - Controller created.
2016-09-14 15:54:23 INFO Controller.StartProgram: - Start program.
2016-09-14 15:54:23 INFO Controller.StartProgram: - View created.
2016-09-14 15:54:23 INFO Controller.StartProgram: - Model created.
2016-09-14 15:54:23 INFO Controller.Controller: - Controller created.
2016-09-14 15:54:23 INFO Controller.Controller: - Try to start server.
2016-09-14 15:55:13 INFO Controller.StartProgram: - Start program.
2016-09-14 15:55:13 INFO Controller.StartProgram: - View created.
2016-09-14 15:55:13 INFO Controller.StartProgram: - Model created.
2016-09-14 15:55:13 INFO Controller.Controller: - Controller created.
2016-09-14 15:55:13 INFO Controller.Controller: - Try to start server.
2016-09-14 15:59:04 INFO Model.Model: - New user connected!
2016-09-14 16:00:46 INFO Controller.StartProgram: - Start program.
2016-09-14 16:00:46 INFO Controller.StartProgram: - View created.
2016-09-14 16:00:46 INFO Controller.StartProgram: - Model created.
2016-09-14 16:00:46 INFO Controller.Controller: - Controller created.
2016-09-14 16:00:46 INFO Controller.Controller: - Try to start server.
2016-09-14 16:04:16 INFO Controller.StartProgram: - Start program.
2016-09-14 16:04:16 INFO Controller.StartProgram: - View created.
2016-09-14 16:04:16 INFO Controller.StartProgram: - Model created.
2016-09-14 16:04:16 INFO Controller.Controller: - Controller created.
2016-09-14 16:04:16 INFO Controller.Controller: - Try to start server.
2016-09-14 16:04:27 INFO Model.Model: - New user connected!
2016-09-14 16:08:23 INFO Controller.StartProgram: - Start program.
2016-09-14 16:08:23 INFO Controller.StartProgram: - View created.
2016-09-14 16:08:23 INFO Controller.StartProgram: - Model created.
2016-09-14 16:08:23 INFO Controller.Controller: - Controller created.
2016-09-14 16:08:23 INFO Controller.Controller: - Try to start server.
2016-09-14 16:14:27 INFO Controller.StartProgram: - Start program.
2016-09-14 16:14:27 INFO Controller.StartProgram: - View created.
2016-09-14 16:14:27 INFO Controller.StartProgram: - Model created.
2016-09-14 16:14:27 INFO Controller.Controller: - Controller created.
2016-09-14 16:14:27 INFO Controller.Controller: - Try to start server.
2016-09-14 16:16:22 INFO Controller.StartProgram: - Start program.
2016-09-14 16:16:22 INFO Controller.StartProgram: - View created.
2016-09-14 16:16:22 INFO Controller.StartProgram: - Model created.
2016-09-14 16:16:22 INFO Controller.Controller: - Controller created.
2016-09-14 16:16:22 INFO Controller.Controller: - Try to start server.
2016-09-14 16:16:37 INFO Model.Model: - New user connected!
2016-09-14 16:22:41 INFO Controller.StartProgram: - Start program.
2016-09-14 16:22:41 INFO Controller.StartProgram: - View created.
2016-09-14 16:22:41 INFO Controller.StartProgram: - Model created.
2016-09-14 16:22:41 INFO Controller.Controller: - Controller created.
2016-09-14 16:22:41 INFO Controller.Controller: - Try to start server.
2016-09-14 16:29:47 INFO Model.Model: - New user connected!
2016-09-14 16:37:30 INFO Controller.StartProgram: - Start program.
2016-09-14 16:37:30 INFO Controller.StartProgram: - View created.
2016-09-14 16:37:30 INFO Controller.StartProgram: - Model created.
2016-09-14 16:37:30 INFO Controller.Controller: - Controller created.
2016-09-14 16:37:30 INFO Controller.Controller: - Try to start server.
2016-09-14 16:37:37 INFO Model.Model: - New user connected!
2016-09-14 16:42:34 INFO Controller.StartProgram: - Start program.
2016-09-14 16:42:34 INFO Controller.StartProgram: - View created.
2016-09-14 16:42:34 INFO Controller.StartProgram: - Model created.
2016-09-14 16:42:34 INFO Controller.Controller: - Controller created.
2016-09-14 16:42:34 INFO Controller.Controller: - Try to start server.
2016-09-14 16:42:34 INFO Controller.StartProgram: - Controller created.
2016-09-14 16:42:40 INFO Controller.StartProgram: - Start program.
2016-09-14 16:42:40 INFO Controller.StartProgram: - View created.
2016-09-14 16:42:40 INFO Controller.StartProgram: - Model created.
2016-09-14 16:42:40 INFO Controller.Controller: - Controller created.
2016-09-14 16:42:40 INFO Controller.Controller: - Try to start server.
2016-09-14 16:42:50 INFO Model.Model: - New user connected!
2016-09-14 16:44:01 INFO Controller.StartProgram: - Start program.
2016-09-14 16:44:01 INFO Controller.StartProgram: - View created.
2016-09-14 16:44:01 INFO Controller.StartProgram: - Model created.
2016-09-14 16:44:01 INFO Controller.Controller: - Controller created.
2016-09-14 16:44:01 INFO Controller.Controller: - Try to start server.
2016-09-14 16:44:01 INFO Controller.StartProgram: - Start program.
2016-09-14 16:44:01 INFO Controller.StartProgram: - View created.
2016-09-14 16:44:01 INFO Controller.StartProgram: - Model created.
2016-09-14 16:44:01 INFO Controller.Controller: - Controller created.
2016-09-14 16:44:01 INFO Controller.Controller: - Try to start server.
2016-09-14 16:44:01 INFO Controller.StartProgram: - Controller created.
2016-09-14 16:45:04 INFO Controller.StartProgram: - Start program.
2016-09-14 16:45:04 INFO Controller.StartProgram: - View created.
2016-09-14 16:45:04 INFO Controller.StartProgram: - Model created.
2016-09-14 16:45:04 INFO Controller.Controller: - Controller created.
2016-09-14 16:45:04 INFO Controller.Controller: - Try to start server.
2016-09-14 16:45:53 INFO Controller.StartProgram: - Start program.
2016-09-14 16:45:53 INFO Controller.StartProgram: - View created.
2016-09-14 16:45:53 INFO Controller.StartProgram: - Model created.
2016-09-14 16:45:53 INFO Controller.Controller: - Controller created.
2016-09-14 16:45:53 INFO Controller.Controller: - Try to start server.
2016-09-14 16:46:04 INFO Model.Model: - New user connected!
2016-09-14 16:50:51 INFO Controller.StartProgram: - Start program.
2016-09-14 16:50:51 INFO Controller.StartProgram: - View created.
2016-09-14 16:50:51 INFO Controller.StartProgram: - Model created.
2016-09-14 16:50:51 INFO Controller.Controller: - Controller created.
2016-09-14 16:50:51 INFO Controller.Controller: - Try to start server.
2016-09-14 16:50:51 INFO Controller.StartProgram: - Controller created.
2016-09-14 16:50:59 INFO Controller.StartProgram: - Start program.
2016-09-14 16:50:59 INFO Controller.StartProgram: - View created.
2016-09-14 16:50:59 INFO Controller.StartProgram: - Model created.
2016-09-14 16:50:59 INFO Controller.Controller: - Controller created.
2016-09-14 16:50:59 INFO Controller.Controller: - Try to start server.
2016-09-14 16:51:08 INFO Model.Model: - New user connected!
2016-09-14 16:51:47 INFO Controller.StartProgram: - Start program.
2016-09-14 16:51:47 INFO Controller.StartProgram: - View created.
2016-09-14 16:51:47 INFO Controller.StartProgram: - Model created.
2016-09-14 16:51:47 INFO Controller.Controller: - Controller created.
2016-09-14 16:51:47 INFO Controller.Controller: - Try to start server.
2016-09-14 16:51:59 INFO Model.Model: - New user connected!
2016-09-14 18:43:20 INFO Controller.StartProgram: - Start program.
2016-09-14 18:43:20 INFO Controller.StartProgram: - View created.
2016-09-14 18:43:20 INFO Controller.StartProgram: - Model created.
2016-09-14 18:43:20 INFO Controller.Controller: - Controller created.
2016-09-14 18:43:20 INFO Controller.Controller: - Try to start server.
2016-09-14 18:43:26 INFO Model.Model: - New user connected!
2016-09-14 18:44:03 INFO Controller.StartProgram: - Start program.
2016-09-14 18:44:03 INFO Controller.StartProgram: - View created.
2016-09-14 18:44:03 INFO Controller.StartProgram: - Model created.
2016-09-14 18:44:03 INFO Controller.Controller: - Controller created.
2016-09-14 18:44:03 INFO Controller.Controller: - Try to start server.
2016-09-14 18:44:10 INFO Model.Model: - New user connected!
2016-09-14 18:44:40 INFO Controller.StartProgram: - Start program.
2016-09-14 18:44:40 INFO Controller.StartProgram: - View created.
2016-09-14 18:44:40 INFO Controller.StartProgram: - Model created.
2016-09-14 18:44:40 INFO Controller.Controller: - Controller created.
2016-09-14 18:44:40 INFO Controller.Controller: - Try to start server.
2016-09-14 18:44:46 INFO Model.Model: - New user connected!
2016-09-14 18:46:49 INFO Controller.StartProgram: - Start program.
2016-09-14 18:46:49 INFO Controller.StartProgram: - View created.
2016-09-14 18:46:49 INFO Controller.StartProgram: - Model created.
2016-09-14 18:46:49 INFO Controller.Controller: - Controller created.
2016-09-14 18:46:49 INFO Controller.Controller: - Try to start server.
2016-09-14 18:46:55 INFO Model.Model: - New user connected!
2016-09-14 18:47:14 INFO Controller.StartProgram: - Start program.
2016-09-14 18:47:14 INFO Controller.StartProgram: - View created.
2016-09-14 18:47:14 INFO Controller.StartProgram: - Model created.
2016-09-14 18:47:14 INFO Controller.Controller: - Controller created.
2016-09-14 18:47:14 INFO Controller.Controller: - Try to start server.
2016-09-14 18:47:20 INFO Model.Model: - New user connected!
2016-09-14 18:48:03 INFO Controller.StartProgram: - Start program.
2016-09-14 18:48:03 INFO Controller.StartProgram: - View created.
2016-09-14 18:48:03 INFO Controller.StartProgram: - Model created.
2016-09-14 18:48:03 INFO Controller.Controller: - Controller created.
2016-09-14 18:48:03 INFO Controller.Controller: - Try to start server.
2016-09-14 18:48:09 INFO Model.Model: - New user connected!
2016-09-14 20:13:07 INFO Controller.StartProgram: - Start program.
2016-09-14 20:13:07 INFO Controller.StartProgram: - View created.
2016-09-14 20:13:07 INFO Controller.StartProgram: - Model created.
2016-09-14 20:13:07 INFO Controller.Controller: - Controller created.
2016-09-14 20:13:07 INFO Controller.Controller: - Try to start server.
2016-09-14 21:40:08 INFO Controller.StartProgram: - Start program.
2016-09-14 21:40:08 INFO Controller.StartProgram: - View created.
2016-09-14 21:40:08 INFO Controller.StartProgram: - Model created.
2016-09-14 21:40:08 INFO Controller.Controller: - Controller created.
2016-09-14 21:40:08 INFO Controller.Controller: - Try to start server.
2016-09-14 21:40:36 INFO Controller.StartProgram: - Start program.
2016-09-14 21:40:36 INFO Controller.StartProgram: - View created.
2016-09-14 21:40:36 INFO Controller.StartProgram: - Model created.
2016-09-14 21:40:36 INFO Controller.Controller: - Controller created.
2016-09-14 21:40:36 INFO Controller.Controller: - Try to start server.
2016-09-14 22:21:43 INFO Controller.StartProgram: - Start program.
2016-09-14 22:21:43 INFO Controller.StartProgram: - View created.
2016-09-14 22:21:43 INFO Controller.StartProgram: - Model created.
2016-09-14 22:21:43 INFO Controller.Controller: - Controller created.
2016-09-14 22:21:43 INFO Controller.Controller: - Try to start server.
2016-09-14 23:49:18 INFO Controller.StartProgram: - Start program.
2016-09-14 23:49:18 INFO Controller.StartProgram: - View created.
2016-09-14 23:49:18 INFO Controller.StartProgram: - Model created.
2016-09-14 23:49:18 INFO Controller.Controller: - Controller created.
2016-09-14 23:49:18 INFO Controller.Controller: - Try to start server.
2016-09-15 13:25:32 INFO Controller.StartProgram: - Start program.
2016-09-15 13:25:32 INFO Controller.StartProgram: - View created.
2016-09-15 13:25:32 INFO Controller.StartProgram: - Model created.
2016-09-15 13:25:32 INFO Controller.Controller: - Controller created.
2016-09-15 13:25:32 INFO Controller.Controller: - Try to start server.
2016-09-15 13:25:37 INFO Controller.StartProgram: - Start program.
2016-09-15 13:25:37 INFO Controller.StartProgram: - View created.
2016-09-15 13:25:37 INFO Controller.StartProgram: - Model created.
2016-09-15 13:25:37 INFO Controller.Controller: - Controller created.
2016-09-15 13:25:37 INFO Controller.Controller: - Try to start server.
2016-09-15 13:28:26 INFO Controller.StartProgram: - Start program.
2016-09-15 13:28:26 INFO Controller.StartProgram: - View created.
2016-09-15 13:28:26 INFO Controller.StartProgram: - Model created.
2016-09-15 13:28:26 INFO Controller.Controller: - Controller created.
2016-09-15 13:28:26 INFO Controller.Controller: - Try to start server.
2016-09-15 13:54:02 INFO Controller.StartProgram: - Start program.
2016-09-15 13:54:02 INFO Controller.StartProgram: - View created.
2016-09-15 13:54:02 INFO Controller.StartProgram: - Model created.
2016-09-15 13:54:02 INFO Controller.Controller: - Controller created.
2016-09-15 13:54:02 INFO Controller.Controller: - Try to start server.
2016-09-15 15:42:29 INFO Controller.StartProgram: - Start program.
2016-09-15 15:42:29 INFO Controller.StartProgram: - View created.
2016-09-15 15:42:29 INFO Controller.StartProgram: - Model created.
2016-09-15 15:42:29 INFO Controller.Controller: - Controller created.
2016-09-15 15:42:29 INFO Controller.Controller: - Try to start server.
2016-09-15 15:51:25 INFO Controller.StartProgram: - Start program.
2016-09-15 15:51:25 INFO Controller.StartProgram: - View created.
2016-09-15 15:51:25 INFO Controller.StartProgram: - Model created.
2016-09-15 15:51:25 INFO Controller.Controller: - Controller created.
2016-09-15 15:51:25 INFO Controller.Controller: - Try to start server.
2016-09-15 15:58:45 INFO Controller.StartProgram: - Start program.
2016-09-15 15:58:45 INFO Controller.StartProgram: - View created.
2016-09-15 15:58:45 INFO Controller.StartProgram: - Model created.
2016-09-15 15:58:45 INFO Controller.Controller: - Controller created.
2016-09-15 15:58:45 INFO Controller.Controller: - Try to start server.
2016-09-15 16:06:24 INFO Controller.StartProgram: - Start program.
2016-09-15 16:06:24 INFO Controller.StartProgram: - View created.
2016-09-15 16:06:24 INFO Controller.StartProgram: - Model created.
2016-09-15 16:06:24 INFO Controller.Controller: - Controller created.
2016-09-15 16:06:24 INFO Controller.Controller: - Try to start server.
2016-09-15 16:09:45 INFO Controller.StartProgram: - Start program.
2016-09-15 16:09:45 INFO Controller.StartProgram: - View created.
2016-09-15 16:09:45 INFO Controller.StartProgram: - Model created.
2016-09-15 16:09:45 INFO Controller.Controller: - Controller created.
2016-09-15 16:09:45 INFO Controller.Controller: - Try to start server.
2016-09-15 16:12:28 INFO Controller.StartProgram: - Start program.
2016-09-15 16:12:28 INFO Controller.StartProgram: - View created.
2016-09-15 16:12:28 INFO Controller.StartProgram: - Model created.
2016-09-15 16:12:28 INFO Controller.Controller: - Controller created.
2016-09-15 16:12:28 INFO Controller.Controller: - Try to start server.
2016-09-15 16:15:01 INFO Controller.StartProgram: - Start program.
2016-09-15 16:15:01 INFO Controller.StartProgram: - View created.
2016-09-15 16:15:01 INFO Controller.StartProgram: - Model created.
2016-09-15 16:15:01 INFO Controller.Controller: - Controller created.
2016-09-15 16:15:01 INFO Controller.Controller: - Try to start server.
2016-09-15 16:26:23 INFO Controller.StartProgram: - Start program.
2016-09-15 16:26:23 INFO Controller.StartProgram: - View created.
2016-09-15 16:26:23 INFO Controller.StartProgram: - Model created.
2016-09-15 16:26:23 INFO Controller.Controller: - Controller created.
2016-09-15 16:26:23 INFO Controller.Controller: - Try to start server.
2016-09-15 16:30:13 INFO Controller.StartProgram: - Start program.
2016-09-15 16:30:13 INFO Controller.StartProgram: - View created.
2016-09-15 16:30:13 INFO Controller.StartProgram: - Model created.
2016-09-15 16:30:13 INFO Controller.Controller: - Controller created.
2016-09-15 16:30:13 INFO Controller.Controller: - Try to start server.
2016-09-15 16:32:37 INFO Controller.StartProgram: - Start program.
2016-09-15 16:32:37 INFO Controller.StartProgram: - View created.
2016-09-15 16:32:37 INFO Controller.StartProgram: - Model created.
2016-09-15 16:32:37 INFO Controller.Controller: - Controller created.
2016-09-15 16:32:37 INFO Controller.Controller: - Try to start server.
2016-09-15 16:35:19 INFO Controller.StartProgram: - Start program.
2016-09-15 16:35:19 INFO Controller.StartProgram: - View created.
2016-09-15 16:35:19 INFO Controller.StartProgram: - Model created.
2016-09-15 16:35:19 INFO Controller.Controller: - Controller created.
2016-09-15 16:35:19 INFO Controller.Controller: - Try to start server.
2016-09-15 16:36:46 INFO Controller.StartProgram: - Start program.
2016-09-15 16:36:46 INFO Controller.StartProgram: - View created.
2016-09-15 16:36:46 INFO Controller.StartProgram: - Model created.
2016-09-15 16:36:46 INFO Controller.Controller: - Controller created.
2016-09-15 16:36:46 INFO Controller.Controller: - Try to start server.
2016-09-15 16:37:41 INFO Controller.StartProgram: - Start program.
2016-09-15 16:37:41 INFO Controller.StartProgram: - View created.
2016-09-15 16:37:41 INFO Controller.StartProgram: - Model created.
2016-09-15 16:37:41 INFO Controller.Controller: - Controller created.
2016-09-15 16:37:41 INFO Controller.Controller: - Try to start server.
2016-09-15 16:39:43 INFO Controller.StartProgram: - Start program.
2016-09-15 16:39:43 INFO Controller.StartProgram: - View created.
2016-09-15 16:39:43 INFO Controller.StartProgram: - Model created.
2016-09-15 16:39:43 INFO Controller.Controller: - Controller created.
2016-09-15 16:39:43 INFO Controller.Controller: - Try to start server.
2016-09-15 16:40:15 INFO Controller.StartProgram: - Start program.
2016-09-15 16:40:15 INFO Controller.StartProgram: - View created.
2016-09-15 16:40:15 INFO Controller.StartProgram: - Model created.
2016-09-15 16:40:15 INFO Controller.Controller: - Controller created.
2016-09-15 16:40:15 INFO Controller.Controller: - Try to start server.
2016-09-15 16:41:53 INFO Controller.StartProgram: - Start program.
2016-09-15 16:41:53 INFO Controller.StartProgram: - View created.
2016-09-15 16:41:53 INFO Controller.StartProgram: - Model created.
2016-09-15 16:41:53 INFO Controller.Controller: - Controller created.
2016-09-15 16:41:53 INFO Controller.Controller: - Try to start server.
2016-09-15 16:44:05 INFO Controller.StartProgram: - Start program.
2016-09-15 16:44:05 INFO Controller.StartProgram: - View created.
2016-09-15 16:44:05 INFO Controller.StartProgram: - Model created.
2016-09-15 16:44:05 INFO Controller.Controller: - Controller created.
2016-09-15 16:44:05 INFO Controller.Controller: - Try to start server.
2016-09-15 16:45:59 INFO Controller.StartProgram: - Start program.
2016-09-15 16:45:59 INFO Controller.StartProgram: - View created.
2016-09-15 16:45:59 INFO Controller.StartProgram: - Model created.
2016-09-15 16:45:59 INFO Controller.Controller: - Controller created.
2016-09-15 16:45:59 INFO Controller.Controller: - Try to start server.
2016-09-15 16:48:11 INFO Controller.StartProgram: - Start program.
2016-09-15 16:48:11 INFO Controller.StartProgram: - View created.
2016-09-15 16:48:11 INFO Controller.StartProgram: - Model created.
2016-09-15 16:48:11 INFO Controller.Controller: - Controller created.
2016-09-15 16:48:11 INFO Controller.Controller: - Try to start server.
2016-09-15 16:52:35 INFO Controller.StartProgram: - Start program.
2016-09-15 16:52:35 INFO Controller.StartProgram: - View created.
2016-09-15 16:52:35 INFO Controller.StartProgram: - Model created.
2016-09-15 16:52:35 INFO Controller.Controller: - Controller created.
2016-09-15 16:52:35 INFO Controller.Controller: - Try to start server.
2016-09-15 19:02:14 INFO Controller.StartProgram: - Start program.
2016-09-15 19:02:14 INFO Controller.StartProgram: - View created.
2016-09-15 19:02:14 INFO Controller.StartProgram: - Model created.
2016-09-15 19:02:14 INFO Controller.Controller: - Controller created.
2016-09-15 19:02:14 INFO Controller.Controller: - Try to start server.
2016-09-15 19:06:07 INFO Controller.StartProgram: - Start program.
2016-09-15 19:06:07 INFO Controller.StartProgram: - View created.
2016-09-15 19:06:07 INFO Controller.StartProgram: - Model created.
2016-09-15 19:06:07 INFO Controller.Controller: - Controller created.
2016-09-15 19:06:07 INFO Controller.Controller: - Try to start server.
2016-09-15 21:19:06 INFO Controller.StartProgram: - Start program.
2016-09-15 21:19:06 INFO Controller.StartProgram: - View created.
2016-09-15 21:19:06 INFO Controller.StartProgram: - Model created.
2016-09-15 21:19:06 INFO Controller.Controller: - Controller created.
2016-09-15 21:19:06 INFO Controller.Controller: - Try to start server.
2016-09-15 21:19:51 INFO Controller.StartProgram: - Start program.
2016-09-15 21:19:51 INFO Controller.StartProgram: - View created.
2016-09-15 21:19:51 INFO Controller.StartProgram: - Model created.
2016-09-15 21:19:51 INFO Controller.Controller: - Controller created.
2016-09-15 21:19:51 INFO Controller.Controller: - Try to start server.
2016-09-15 22:39:59 INFO Controller.StartProgram: - Start program.
2016-09-15 22:39:59 INFO Controller.StartProgram: - View created.
2016-09-15 22:39:59 INFO Controller.StartProgram: - Model created.
2016-09-15 22:39:59 INFO Controller.Controller: - Controller created.
2016-09-15 22:39:59 INFO Controller.Controller: - Try to start server.
2016-09-15 22:41:52 INFO Controller.StartProgram: - Start program.
2016-09-15 22:41:52 INFO Controller.StartProgram: - View created.
2016-09-15 22:41:52 INFO Controller.StartProgram: - Model created.
2016-09-15 22:41:52 INFO Controller.Controller: - Controller created.
2016-09-15 22:41:52 INFO Controller.Controller: - Try to start server.
2016-09-15 22:42:44 INFO Controller.StartProgram: - Start program.
2016-09-15 22:42:44 INFO Controller.StartProgram: - View created.
2016-09-15 22:42:44 INFO Controller.StartProgram: - Model created.
2016-09-15 22:42:44 INFO Controller.Controller: - Controller created.
2016-09-15 22:42:44 INFO Controller.Controller: - Try to start server.
2016-09-15 22:44:00 INFO Controller.StartProgram: - Start program.
2016-09-15 22:44:00 INFO Controller.StartProgram: - View created.
2016-09-15 22:44:00 INFO Controller.StartProgram: - Model created.
2016-09-15 22:44:00 INFO Controller.Controller: - Controller created.
2016-09-15 22:44:00 INFO Controller.Controller: - Try to start server.
2016-09-15 22:47:59 INFO Controller.StartProgram: - Start program.
2016-09-15 22:47:59 INFO Controller.StartProgram: - View created.
2016-09-15 22:47:59 INFO Controller.StartProgram: - Model created.
2016-09-15 22:47:59 INFO Controller.Controller: - Controller created.
2016-09-15 22:47:59 INFO Controller.Controller: - Try to start server.
2016-09-15 22:49:34 INFO Controller.StartProgram: - Start program.
2016-09-15 22:49:34 INFO Controller.StartProgram: - View created.
2016-09-15 22:49:34 INFO Controller.StartProgram: - Model created.
2016-09-15 22:49:34 INFO Controller.Controller: - Controller created.
2016-09-15 22:49:34 INFO Controller.Controller: - Try to start server.
2016-09-15 22:49:58 INFO Controller.StartProgram: - Start program.
2016-09-15 22:49:58 INFO Controller.StartProgram: - View created.
2016-09-15 22:49:58 INFO Controller.StartProgram: - Model created.
2016-09-15 22:49:58 INFO Controller.Controller: - Controller created.
2016-09-15 22:49:58 INFO Controller.Controller: - Try to start server.
2016-09-15 22:53:02 INFO Controller.StartProgram: - Start program.
2016-09-15 22:53:02 INFO Controller.StartProgram: - View created.
2016-09-15 22:53:02 INFO Controller.StartProgram: - Model created.
2016-09-15 22:53:02 INFO Controller.Controller: - Controller created.
2016-09-15 22:53:02 INFO Controller.Controller: - Try to start server.
2016-09-15 22:54:29 INFO Controller.StartProgram: - Start program.
2016-09-15 22:54:29 INFO Controller.StartProgram: - View created.
2016-09-15 22:54:29 INFO Controller.StartProgram: - Model created.
2016-09-15 22:54:29 INFO Controller.Controller: - Controller created.
2016-09-15 22:54:29 INFO Controller.Controller: - Try to start server.
2016-09-15 22:58:22 INFO Controller.StartProgram: - Start program.
2016-09-15 22:58:22 INFO Controller.StartProgram: - View created.
2016-09-15 22:58:22 INFO Controller.StartProgram: - Model created.
2016-09-15 22:58:22 INFO Controller.Controller: - Controller created.
2016-09-15 22:58:22 INFO Controller.Controller: - Try to start server.
2016-09-15 22:58:22 INFO Controller.StartProgram: - Controller created.
2016-09-15 22:58:51 INFO Controller.StartProgram: - Start program.
2016-09-15 22:58:51 INFO Controller.StartProgram: - View created.
2016-09-15 22:58:51 INFO Controller.StartProgram: - Model created.
2016-09-15 22:58:51 INFO Controller.Controller: - Controller created.
2016-09-15 22:58:51 INFO Controller.Controller: - Try to start server.
2016-09-15 22:58:51 INFO Controller.StartProgram: - Controller created.
2016-09-15 22:59:11 INFO Controller.StartProgram: - Start program.
2016-09-15 22:59:11 INFO Controller.StartProgram: - View created.
2016-09-15 22:59:11 INFO Controller.StartProgram: - Model created.
2016-09-15 22:59:11 INFO Controller.Controller: - Controller created.
2016-09-15 22:59:11 INFO Controller.Controller: - Try to start server.
2016-09-15 23:02:35 INFO Controller.StartProgram: - Start program.
2016-09-15 23:02:35 INFO Controller.StartProgram: - View created.
2016-09-15 23:02:35 INFO Controller.StartProgram: - Model created.
2016-09-15 23:02:35 INFO Controller.Controller: - Controller created.
2016-09-15 23:02:35 INFO Controller.Controller: - Try to start server.
2016-09-15 23:23:44 INFO Controller.StartProgram: - Start program.
2016-09-15 23:23:44 INFO Controller.StartProgram: - View created.
2016-09-15 23:23:44 INFO Controller.StartProgram: - Model created.
2016-09-15 23:23:44 INFO Controller.Controller: - Controller created.
2016-09-15 23:23:44 INFO Controller.Controller: - Try to start server.
2016-09-15 23:23:49 INFO Model.Model: - New user connected!
2016-09-15 23:24:08 INFO Model.Model: - New user connected!
2016-09-15 23:25:11 INFO Controller.StartProgram: - Start program.
2016-09-15 23:25:11 INFO Controller.StartProgram: - View created.
2016-09-15 23:25:11 INFO Controller.StartProgram: - Model created.
2016-09-15 23:25:11 INFO Controller.Controller: - Controller created.
2016-09-15 23:25:11 INFO Controller.Controller: - Try to start server.
2016-09-15 23:25:11 INFO Controller.StartProgram: - Controller created.
